                            11/05/2025 at 11h41m16s                             


 ------------------------------------------------------------------------------
|   Another GFF Analysis Toolkit (AGAT) - Version: v1.5.1                      |
|   https://github.com/NBISweden/AGAT                                          |
|   National Bioinformatics Infrastructure Sweden (NBIS) - www.nbis.se         |
 ------------------------------------------------------------------------------
                                        
                                       
                          ------ Start parsing ------                           
-------------------------- parse options and metadata --------------------------
=> Accessing the feature_levels YAML file
Using standard /usr/local/lib/perl5/site_perl/auto/share/dist/AGAT/feature_levels.yaml file
=> Attribute used to group features when no Parent/ID relationship exists (i.e common tag):
	* locus_tag
	* gene_id
=> merge_loci option deactivated
=> Machine information:
	This script is being run by perl v5.32.1
	Bioperl location being used: /usr/local/lib/perl5/site_perl/Bio/
	Operating system being used: linux 
=> Accessing Ontology
	No ontology accessible from the gff file header!
	We use the SOFA ontology distributed with AGAT:
		/usr/local/lib/perl5/site_perl/auto/share/dist/AGAT/so.obo
	Read ontology /usr/local/lib/perl5/site_perl/auto/share/dist/AGAT/so.obo:
		4 root terms, and 2596 total terms, and 1516 leaf terms
	Filtering ontology:
The feature type (3rd column) is constrained to be either a term from the Sequence Ontology or an SO accession number. The latter alternative is distinguished using the syntax SO:000000. In either case, it must be sequence_feature (SO:0000110) or an is_a child of it.
We filter the ontology to apply this rule.		We found 1861 terms that are sequence_feature or is_a child of it.
--------------------------------- parsing file ---------------------------------
=> Number of line in file: 446213
=> Number of comment lines: 0
=> Fasta included: No
=> Number of features lines: 446213
=> Number of feature type (3rd column): 6
	* Level1: 1 => gene
	* level2: 1 => mRNA
	* level3: 4 => CDS five_prime_UTR exon three_prime_UTR
	* unknown: 0 => 
=> Version of the Bioperl GFF parser selected by AGAT: 3

                  ------ End parsing (done in 72 second) ------                 


                           ------ Start checks ------                           
---------------------------- Check1: feature types -----------------------------
----------------------------------- ontology -----------------------------------
All feature types in agreement with the Ontology.
------------------------------------- agat -------------------------------------
AGAT can deal with all the encountered feature types (3rd column)
------------------------------ done in 0 seconds -------------------------------

------------------------------ Check2: duplicates ------------------------------
None found
------------------------------ done in 0 seconds -------------------------------

-------------------------- Check3: sequential bucket ---------------------------
Nothing to check as sequential bucket!
------------------------------ done in 0 seconds -------------------------------

--------------------------- Check4: l2 linked to l3 ----------------------------
No problem found
------------------------------ done in 0 seconds -------------------------------

--------------------------- Check5: l1 linked to l2 ----------------------------
No problem found
------------------------------ done in 0 seconds -------------------------------

--------------------------- Check6: remove orphan l1 ---------------------------
We remove only those not supposed to be orphan
None found
------------------------------ done in 0 seconds -------------------------------

------------------------- Check7: all level3 locations -------------------------
------------------------------ done in 9 seconds -------------------------------

------------------------------ Check8: check cds -------------------------------
No problem found
------------------------------ done in 0 seconds -------------------------------

----------------------------- Check9: check exons ------------------------------
No exons created
No exons locations modified
No supernumerary exons removed
No level2 locations modified
------------------------------ done in 6 seconds -------------------------------

----------------------------- Check10: check utrs ------------------------------
No UTRs created
No UTRs locations modified
No supernumerary UTRs removed
------------------------------ done in 5 seconds -------------------------------

------------------------ Check11: all level2 locations -------------------------
No problem found
------------------------------ done in 6 seconds -------------------------------

------------------------ Check12: all level1 locations -------------------------
No problem found
------------------------------ done in 1 seconds -------------------------------

---------------------- Check13: remove identical isoforms ----------------------
Lets remove isoform Etna-20001462-RB
Lets remove isoform Etna-20000677-RC
Lets remove isoform Etna-20008148-RB
Lets remove isoform Etna-20008818-RB
Lets remove isoform Etna-20024292-RC
Lets remove isoform Etna-20024292-RB
Lets remove isoform Etna-20023253-RB
Lets remove isoform Etna-20026091-RB
Lets remove isoform Etna-20018018-RC
Lets remove isoform Etna-20006625-RB
Lets remove isoform Etna-20020440-RB
Lets remove isoform Etna-20011773-RB
Lets remove isoform Etna-20001682-RB
Lets remove isoform Etna-20013764-RB
Lets remove isoform Etna-20016200-RB
Lets remove isoform Etna-20013148-RB
Lets remove isoform Etna-20001765-RD
Lets remove isoform Etna-20001765-RC
Lets remove isoform Etna-20014239-RB
Lets remove isoform Etna-20027521-RB
Lets remove isoform Etna-20016764-RB
Lets remove isoform Etna-20005310-RB
Lets remove isoform Etna-20021202-RB
23 identical isoforms removed
------------------------------ done in 0 seconds -------------------------------
                  ------ End checks (done in 27 second) ------                  


